# JRE version: 7.0_11-b21
# Java VM: Java HotSpot(TM) Client VM (23.6-b04 mixed mode windows-x86 )
Heap
 def new generation   total 24064K, used 8348K [0x102e0000, 0x11cf0000, 0x1d260000)
  eden space 21440K,  33% used [0x102e0000, 0x109e9378, 0x117d0000)
  from space 2624K,  43% used [0x117d0000, 0x118eddd8, 0x11a60000)
  to   space 2624K,   0% used [0x11a60000, 0x11a60000, 0x11cf0000)
 tenured generation   total 79820K, used 59485K [0x1d260000, 0x22053000, 0x440e0000)
   the space 79820K,  74% used [0x1d260000, 0x20c775e8, 0x20c77600, 0x22053000)
 compacting perm gen  total 41472K, used 41239K [0x440e0000, 0x46960000, 0x4a0e0000)
   the space 41472K,  99% used [0x440e0000, 0x46925f78, 0x46926000, 0x46960000)
GC Heap History (10 events):
Event: 6253.968 GC heap before
{Heap before GC invocations=321 (full 2):
 def new generation   total 24064K, used 24012K [0x102e0000, 0x11cf0000, 0x1d260000)
  eden space 21440K, 100% used [0x102e0000, 0x117d0000, 0x117d0000)
  from space 2624K,  98% used [0x11a60000, 0x11ce32f8, 0x11cf0000)
  to   space 2624K,   0% used [0x117d0000, 0x117d0000, 0x11a60000)
 tenured generation   total 79820K, used 55302K [0x1d260000, 0x22053000, 0x440e0000)
   the space 79820K,  69% used [0x1d260000, 0x20861a58, 0x20861c00, 0x22053000)
 compacting perm gen  total 39424K, used 39257K [0x440e0000, 0x46760000, 0x4a0e0000)
   the space 39424K,  99% used [0x440e0000, 0x46736628, 0x46736800, 0x46760000)
No shared spaces configured.
Event: 6253.976 GC heap after
Heap after GC invocations=322 (full 2):
 def new generation   total 24064K, used 2414K [0x102e0000, 0x11cf0000, 0x1d260000)
  eden space 21440K,   0% used [0x102e0000, 0x102e0000, 0x117d0000)
  from space 2624K,  92% used [0x117d0000, 0x11a2b880, 0x11a60000)
  to   space 2624K,   0% used [0x11a60000, 0x11a60000, 0x11cf0000)
 tenured generation   total 79820K, used 56102K [0x1d260000, 0x22053000, 0x440e0000)
   the space 79820K,  70% used [0x1d260000, 0x20929ac0, 0x20929c00, 0x22053000)
 compacting perm gen  total 39424K, used 39257K [0x440e0000, 0x46760000, 0x4a0e0000)
   the space 39424K,  99% used [0x440e0000, 0x46736628, 0x46736800, 0x46760000)
No shared spaces configured.
}
Event: 6254.474 GC heap before
{Heap before GC invocations=322 (full 2):
 def new generation   total 24064K, used 23854K [0x102e0000, 0x11cf0000, 0x1d260000)
  eden space 21440K, 100% used [0x102e0000, 0x117d0000, 0x117d0000)
  from space 2624K,  92% used [0x117d0000, 0x11a2b880, 0x11a60000)
  to   space 2624K,   0% used [0x11a60000, 0x11a60000, 0x11cf0000)
 tenured generation   total 79820K, used 56102K [0x1d260000, 0x22053000, 0x440e0000)
   the space 79820K,  70% used [0x1d260000, 0x20929ac0, 0x20929c00, 0x22053000)
 compacting perm gen  total 39680K, used 39577K [0x440e0000, 0x467a0000, 0x4a0e0000)
   the space 39680K,  99% used [0x440e0000, 0x467866c0, 0x46786800, 0x467a0000)
No shared spaces configured.
Event: 6254.478 GC heap after
Heap after GC invocations=323 (full 2):
 def new generation   total 24064K, used 1543K [0x102e0000, 0x11cf0000, 0x1d260000)
  eden space 21440K,   0% used [0x102e0000, 0x102e0000, 0x117d0000)
  from space 2624K,  58% used [0x11a60000, 0x11be1f28, 0x11cf0000)
  to   space 2624K,   0% used [0x117d0000, 0x117d0000, 0x11a60000)
 tenured generation   total 79820K, used 56753K [0x1d260000, 0x22053000, 0x440e0000)
   the space 79820K,  71% used [0x1d260000, 0x209cc788, 0x209cc800, 0x22053000)
 compacting perm gen  total 39680K, used 39577K [0x440e0000, 0x467a0000, 0x4a0e0000)
   the space 39680K,  99% used [0x440e0000, 0x467866c0, 0x46786800, 0x467a0000)
No shared spaces configured.
}
Event: 6255.765 GC heap before
{Heap before GC invocations=323 (full 2):
 def new generation   total 24064K, used 22983K [0x102e0000, 0x11cf0000, 0x1d260000)
  eden space 21440K, 100% used [0x102e0000, 0x117d0000, 0x117d0000)
  from space 2624K,  58% used [0x11a60000, 0x11be1f28, 0x11cf0000)
  to   space 2624K,   0% used [0x117d0000, 0x117d0000, 0x11a60000)
 tenured generation   total 79820K, used 56753K [0x1d260000, 0x22053000, 0x440e0000)
   the space 79820K,  71% used [0x1d260000, 0x209cc788, 0x209cc800, 0x22053000)
 compacting perm gen  total 40192K, used 40178K [0x440e0000, 0x46820000, 0x4a0e0000)
   the space 40192K,  99% used [0x440e0000, 0x4681cb70, 0x4681cc00, 0x46820000)
No shared spaces configured.
Event: 6255.773 GC heap after
Heap after GC invocations=324 (full 2):
 def new generation   total 24064K, used 2613K [0x102e0000, 0x11cf0000, 0x1d260000)
  eden space 21440K,   0% used [0x102e0000, 0x102e0000, 0x117d0000)
  from space 2624K,  99% used [0x117d0000, 0x11a5d4e0, 0x11a60000)
  to   space 2624K,   0% used [0x11a60000, 0x11a60000, 0x11cf0000)
 tenured generation   total 79820K, used 57623K [0x1d260000, 0x22053000, 0x440e0000)
   the space 79820K,  72% used [0x1d260000, 0x20aa5ff8, 0x20aa6000, 0x22053000)
 compacting perm gen  total 40192K, used 40178K [0x440e0000, 0x46820000, 0x4a0e0000)
   the space 40192K,  99% used [0x440e0000, 0x4681cb70, 0x4681cc00, 0x46820000)
No shared spaces configured.
}
Event: 6256.460 GC heap before
{Heap before GC invocations=324 (full 2):
 def new generation   total 24064K, used 24053K [0x102e0000, 0x11cf0000, 0x1d260000)
  eden space 21440K, 100% used [0x102e0000, 0x117d0000, 0x117d0000)
  from space 2624K,  99% used [0x117d0000, 0x11a5d4e0, 0x11a60000)
  to   space 2624K,   0% used [0x11a60000, 0x11a60000, 0x11cf0000)
 tenured generation   total 79820K, used 57623K [0x1d260000, 0x22053000, 0x440e0000)
   the space 79820K,  72% used [0x1d260000, 0x20aa5ff8, 0x20aa6000, 0x22053000)
 compacting perm gen  total 40960K, used 40887K [0x440e0000, 0x468e0000, 0x4a0e0000)
   the space 40960K,  99% used [0x440e0000, 0x468cde90, 0x468ce000, 0x468e0000)
No shared spaces configured.
Event: 6256.469 GC heap after
Heap after GC invocations=325 (full 2):
 def new generation   total 24064K, used 869K [0x102e0000, 0x11cf0000, 0x1d260000)
  eden space 21440K,   0% used [0x102e0000, 0x102e0000, 0x117d0000)
  from space 2624K,  33% used [0x11a60000, 0x11b39680, 0x11cf0000)
  to   space 2624K,   0% used [0x117d0000, 0x117d0000, 0x11a60000)
 tenured generation   total 79820K, used 59485K [0x1d260000, 0x22053000, 0x440e0000)
   the space 79820K,  74% used [0x1d260000, 0x20c775e8, 0x20c77600, 0x22053000)
 compacting perm gen  total 40960K, used 40887K [0x440e0000, 0x468e0000, 0x4a0e0000)
   the space 40960K,  99% used [0x440e0000, 0x468cde90, 0x468ce000, 0x468e0000)
No shared spaces configured.
}
Event: 6256.772 GC heap before
{Heap before GC invocations=325 (full 2):
 def new generation   total 24064K, used 22309K [0x102e0000, 0x11cf0000, 0x1d260000)
  eden space 21440K, 100% used [0x102e0000, 0x117d0000, 0x117d0000)
  from space 2624K,  33% used [0x11a60000, 0x11b39680, 0x11cf0000)
  to   space 2624K,   0% used [0x117d0000, 0x117d0000, 0x11a60000)
 tenured generation   total 79820K, used 59485K [0x1d260000, 0x22053000, 0x440e0000)
   the space 79820K,  74% used [0x1d260000, 0x20c775e8, 0x20c77600, 0x22053000)
 compacting perm gen  total 41216K, used 41200K [0x440e0000, 0x46920000, 0x4a0e0000)
   the space 41216K,  99% used [0x440e0000, 0x4691c268, 0x4691c400, 0x46920000)
No shared spaces configured.
Event: 6256.778 GC heap after
Heap after GC invocations=326 (full 2):
 def new generation   total 24064K, used 1143K [0x102e0000, 0x11cf0000, 0x1d260000)
  eden space 21440K,   0% used [0x102e0000, 0x102e0000, 0x117d0000)
  from space 2624K,  43% used [0x117d0000, 0x118eddd8, 0x11a60000)
  to   space 2624K,   0% used [0x11a60000, 0x11a60000, 0x11cf0000)
 tenured generation   total 79820K, used 59485K [0x1d260000, 0x22053000, 0x440e0000)
   the space 79820K,  74% used [0x1d260000, 0x20c775e8, 0x20c77600, 0x22053000)
 compacting perm gen  total 41216K, used 41200K [0x440e0000, 0x46920000, 0x4a0e0000)
   the space 41216K,  99% used [0x440e0000, 0x4691c268, 0x4691c400, 0x46920000)
No shared spaces configured.
}

