# JRE version: 7.0_11-b21
# Java VM: Java HotSpot(TM) Client VM (23.6-b04 mixed mode windows-x86 )
Heap
 def new generation   total 23360K, used 13037K [0x102e0000, 0x11c30000, 0x1d260000)
  eden space 20800K,  57% used [0x102e0000, 0x10e7ea88, 0x11730000)
  from space 2560K,  44% used [0x11730000, 0x1184c9a0, 0x119b0000)
  to   space 2560K,   0% used [0x119b0000, 0x119b0000, 0x11c30000)
 tenured generation   total 77668K, used 55674K [0x1d260000, 0x21e39000, 0x440e0000)
   the space 77668K,  71% used [0x1d260000, 0x208beac0, 0x208bec00, 0x21e39000)
 compacting perm gen  total 38912K, used 38839K [0x440e0000, 0x466e0000, 0x4a0e0000)
   the space 38912K,  99% used [0x440e0000, 0x466cdc30, 0x466cde00, 0x466e0000)
GC Heap History (10 events):
Event: 2384.154 GC heap before
{Heap before GC invocations=324 (full 1):
 def new generation   total 23360K, used 21669K [0x102e0000, 0x11c30000, 0x1d260000)
  eden space 20800K, 100% used [0x102e0000, 0x11730000, 0x11730000)
  from space 2560K,  33% used [0x119b0000, 0x11a897b8, 0x11c30000)
  to   space 2560K,   0% used [0x11730000, 0x11730000, 0x119b0000)
 tenured generation   total 77668K, used 55265K [0x1d260000, 0x21e39000, 0x440e0000)
   the space 77668K,  71% used [0x1d260000, 0x208587b0, 0x20858800, 0x21e39000)
 compacting perm gen  total 38912K, used 38837K [0x440e0000, 0x466e0000, 0x4a0e0000)
   the space 38912K,  99% used [0x440e0000, 0x466cd768, 0x466cd800, 0x466e0000)
No shared spaces configured.
Event: 2384.159 GC heap after
Heap after GC invocations=325 (full 1):
 def new generation   total 23360K, used 1545K [0x102e0000, 0x11c30000, 0x1d260000)
  eden space 20800K,   0% used [0x102e0000, 0x102e0000, 0x11730000)
  from space 2560K,  60% used [0x11730000, 0x118b27f8, 0x119b0000)
  to   space 2560K,   0% used [0x119b0000, 0x119b0000, 0x11c30000)
 tenured generation   total 77668K, used 55265K [0x1d260000, 0x21e39000, 0x440e0000)
   the space 77668K,  71% used [0x1d260000, 0x208587b0, 0x20858800, 0x21e39000)
 compacting perm gen  total 38912K, used 38837K [0x440e0000, 0x466e0000, 0x4a0e0000)
   the space 38912K,  99% used [0x440e0000, 0x466cd768, 0x466cd800, 0x466e0000)
No shared spaces configured.
}
Event: 2384.495 GC heap before
{Heap before GC invocations=325 (full 1):
 def new generation   total 23360K, used 22345K [0x102e0000, 0x11c30000, 0x1d260000)
  eden space 20800K, 100% used [0x102e0000, 0x11730000, 0x11730000)
  from space 2560K,  60% used [0x11730000, 0x118b27f8, 0x119b0000)
  to   space 2560K,   0% used [0x119b0000, 0x119b0000, 0x11c30000)
 tenured generation   total 77668K, used 55265K [0x1d260000, 0x21e39000, 0x440e0000)
   the space 77668K,  71% used [0x1d260000, 0x208587b0, 0x20858800, 0x21e39000)
 compacting perm gen  total 38912K, used 38837K [0x440e0000, 0x466e0000, 0x4a0e0000)
   the space 38912K,  99% used [0x440e0000, 0x466cd768, 0x466cd800, 0x466e0000)
No shared spaces configured.
Event: 2384.501 GC heap after
Heap after GC invocations=326 (full 1):
 def new generation   total 23360K, used 1223K [0x102e0000, 0x11c30000, 0x1d260000)
  eden space 20800K,   0% used [0x102e0000, 0x102e0000, 0x11730000)
  from space 2560K,  47% used [0x119b0000, 0x11ae1d10, 0x11c30000)
  to   space 2560K,   0% used [0x11730000, 0x11730000, 0x119b0000)
 tenured generation   total 77668K, used 55674K [0x1d260000, 0x21e39000, 0x440e0000)
   the space 77668K,  71% used [0x1d260000, 0x208beac0, 0x208bec00, 0x21e39000)
 compacting perm gen  total 38912K, used 38837K [0x440e0000, 0x466e0000, 0x4a0e0000)
   the space 38912K,  99% used [0x440e0000, 0x466cd768, 0x466cd800, 0x466e0000)
No shared spaces configured.
}
Event: 2388.727 GC heap before
{Heap before GC invocations=326 (full 1):
 def new generation   total 23360K, used 22023K [0x102e0000, 0x11c30000, 0x1d260000)
  eden space 20800K, 100% used [0x102e0000, 0x11730000, 0x11730000)
  from space 2560K,  47% used [0x119b0000, 0x11ae1d10, 0x11c30000)
  to   space 2560K,   0% used [0x11730000, 0x11730000, 0x119b0000)
 tenured generation   total 77668K, used 55674K [0x1d260000, 0x21e39000, 0x440e0000)
   the space 77668K,  71% used [0x1d260000, 0x208beac0, 0x208bec00, 0x21e39000)
 compacting perm gen  total 38912K, used 38837K [0x440e0000, 0x466e0000, 0x4a0e0000)
   the space 38912K,  99% used [0x440e0000, 0x466cd768, 0x466cd800, 0x466e0000)
No shared spaces configured.
Event: 2388.731 GC heap after
Heap after GC invocations=327 (full 1):
 def new generation   total 23360K, used 1236K [0x102e0000, 0x11c30000, 0x1d260000)
  eden space 20800K,   0% used [0x102e0000, 0x102e0000, 0x11730000)
  from space 2560K,  48% used [0x11730000, 0x11865028, 0x119b0000)
  to   space 2560K,   0% used [0x119b0000, 0x119b0000, 0x11c30000)
 tenured generation   total 77668K, used 55674K [0x1d260000, 0x21e39000, 0x440e0000)
   the space 77668K,  71% used [0x1d260000, 0x208beac0, 0x208bec00, 0x21e39000)
 compacting perm gen  total 38912K, used 38837K [0x440e0000, 0x466e0000, 0x4a0e0000)
   the space 38912K,  99% used [0x440e0000, 0x466cd768, 0x466cd800, 0x466e0000)
No shared spaces configured.
}
Event: 2390.812 GC heap before
{Heap before GC invocations=327 (full 1):
 def new generation   total 23360K, used 22036K [0x102e0000, 0x11c30000, 0x1d260000)
  eden space 20800K, 100% used [0x102e0000, 0x11730000, 0x11730000)
  from space 2560K,  48% used [0x11730000, 0x11865028, 0x119b0000)
  to   space 2560K,   0% used [0x119b0000, 0x119b0000, 0x11c30000)
 tenured generation   total 77668K, used 55674K [0x1d260000, 0x21e39000, 0x440e0000)
   the space 77668K,  71% used [0x1d260000, 0x208beac0, 0x208bec00, 0x21e39000)
 compacting perm gen  total 38912K, used 38837K [0x440e0000, 0x466e0000, 0x4a0e0000)
   the space 38912K,  99% used [0x440e0000, 0x466cd768, 0x466cd800, 0x466e0000)
No shared spaces configured.
Event: 2390.816 GC heap after
Heap after GC invocations=328 (full 1):
 def new generation   total 23360K, used 1135K [0x102e0000, 0x11c30000, 0x1d260000)
  eden space 20800K,   0% used [0x102e0000, 0x102e0000, 0x11730000)
  from space 2560K,  44% used [0x119b0000, 0x11acbc80, 0x11c30000)
  to   space 2560K,   0% used [0x11730000, 0x11730000, 0x119b0000)
 tenured generation   total 77668K, used 55674K [0x1d260000, 0x21e39000, 0x440e0000)
   the space 77668K,  71% used [0x1d260000, 0x208beac0, 0x208bec00, 0x21e39000)
 compacting perm gen  total 38912K, used 38837K [0x440e0000, 0x466e0000, 0x4a0e0000)
   the space 38912K,  99% used [0x440e0000, 0x466cd768, 0x466cd800, 0x466e0000)
No shared spaces configured.
}
Event: 2391.557 GC heap before
{Heap before GC invocations=328 (full 1):
 def new generation   total 23360K, used 21935K [0x102e0000, 0x11c30000, 0x1d260000)
  eden space 20800K, 100% used [0x102e0000, 0x11730000, 0x11730000)
  from space 2560K,  44% used [0x119b0000, 0x11acbc80, 0x11c30000)
  to   space 2560K,   0% used [0x11730000, 0x11730000, 0x119b0000)
 tenured generation   total 77668K, used 55674K [0x1d260000, 0x21e39000, 0x440e0000)
   the space 77668K,  71% used [0x1d260000, 0x208beac0, 0x208bec00, 0x21e39000)
 compacting perm gen  total 38912K, used 38837K [0x440e0000, 0x466e0000, 0x4a0e0000)
   the space 38912K,  99% used [0x440e0000, 0x466cd768, 0x466cd800, 0x466e0000)
No shared spaces configured.
Event: 2391.562 GC heap after
Heap after GC invocations=329 (full 1):
 def new generation   total 23360K, used 1138K [0x102e0000, 0x11c30000, 0x1d260000)
  eden space 20800K,   0% used [0x102e0000, 0x102e0000, 0x11730000)
  from space 2560K,  44% used [0x11730000, 0x1184c9a0, 0x119b0000)
  to   space 2560K,   0% used [0x119b0000, 0x119b0000, 0x11c30000)
 tenured generation   total 77668K, used 55674K [0x1d260000, 0x21e39000, 0x440e0000)
   the space 77668K,  71% used [0x1d260000, 0x208beac0, 0x208bec00, 0x21e39000)
 compacting perm gen  total 38912K, used 38837K [0x440e0000, 0x466e0000, 0x4a0e0000)
   the space 38912K,  99% used [0x440e0000, 0x466cd768, 0x466cd800, 0x466e0000)
No shared spaces configured.
}

