# JRE version: 7.0_11-b21
# Java VM: Java HotSpot(TM) Client VM (23.6-b04 mixed mode windows-x86 )
Heap
 def new generation   total 23040K, used 13720K [0x102e0000, 0x11be0000, 0x1d260000)
  eden space 20480K,  64% used [0x102e0000, 0x10fc6208, 0x116e0000)
  from space 2560K,  20% used [0x116e0000, 0x117600a0, 0x11960000)
  to   space 2560K,   0% used [0x11960000, 0x11960000, 0x11be0000)
 tenured generation   total 76724K, used 52904K [0x1d260000, 0x21d4d000, 0x440e0000)
   the space 76724K,  68% used [0x1d260000, 0x2060a258, 0x2060a400, 0x21d4d000)
 compacting perm gen  total 39936K, used 39858K [0x440e0000, 0x467e0000, 0x4a0e0000)
   the space 39936K,  99% used [0x440e0000, 0x467cc8b0, 0x467cca00, 0x467e0000)
GC Heap History (10 events):
Event: 81.551 GC heap before
{Heap before GC invocations=154 (full 1):
 def new generation   total 23040K, used 22158K [0x102e0000, 0x11be0000, 0x1d260000)
  eden space 20480K, 100% used [0x102e0000, 0x116e0000, 0x116e0000)
  from space 2560K,  65% used [0x11960000, 0x11b03b90, 0x11be0000)
  to   space 2560K,   0% used [0x116e0000, 0x116e0000, 0x11960000)
 tenured generation   total 76724K, used 48386K [0x1d260000, 0x21d4d000, 0x440e0000)
   the space 76724K,  63% used [0x1d260000, 0x201a0be0, 0x201a0c00, 0x21d4d000)
 compacting perm gen  total 37888K, used 37846K [0x440e0000, 0x465e0000, 0x4a0e0000)
   the space 37888K,  99% used [0x440e0000, 0x465d5bd8, 0x465d5c00, 0x465e0000)
No shared spaces configured.
Event: 81.556 GC heap after
Heap after GC invocations=155 (full 1):
 def new generation   total 23040K, used 2342K [0x102e0000, 0x11be0000, 0x1d260000)
  eden space 20480K,   0% used [0x102e0000, 0x102e0000, 0x116e0000)
  from space 2560K,  91% used [0x116e0000, 0x119299c8, 0x11960000)
  to   space 2560K,   0% used [0x11960000, 0x11960000, 0x11be0000)
 tenured generation   total 76724K, used 48902K [0x1d260000, 0x21d4d000, 0x440e0000)
   the space 76724K,  63% used [0x1d260000, 0x202219d8, 0x20221a00, 0x21d4d000)
 compacting perm gen  total 37888K, used 37846K [0x440e0000, 0x465e0000, 0x4a0e0000)
   the space 37888K,  99% used [0x440e0000, 0x465d5bd8, 0x465d5c00, 0x465e0000)
No shared spaces configured.
}
Event: 84.136 GC heap before
{Heap before GC invocations=155 (full 1):
 def new generation   total 23040K, used 22822K [0x102e0000, 0x11be0000, 0x1d260000)
  eden space 20480K, 100% used [0x102e0000, 0x116e0000, 0x116e0000)
  from space 2560K,  91% used [0x116e0000, 0x119299c8, 0x11960000)
  to   space 2560K,   0% used [0x11960000, 0x11960000, 0x11be0000)
 tenured generation   total 76724K, used 48902K [0x1d260000, 0x21d4d000, 0x440e0000)
   the space 76724K,  63% used [0x1d260000, 0x202219d8, 0x20221a00, 0x21d4d000)
 compacting perm gen  total 38144K, used 38011K [0x440e0000, 0x46620000, 0x4a0e0000)
   the space 38144K,  99% used [0x440e0000, 0x465fed98, 0x465fee00, 0x46620000)
No shared spaces configured.
Event: 84.142 GC heap after
Heap after GC invocations=156 (full 1):
 def new generation   total 23040K, used 1402K [0x102e0000, 0x11be0000, 0x1d260000)
  eden space 20480K,   0% used [0x102e0000, 0x102e0000, 0x116e0000)
  from space 2560K,  54% used [0x11960000, 0x11abe920, 0x11be0000)
  to   space 2560K,   0% used [0x116e0000, 0x116e0000, 0x11960000)
 tenured generation   total 76724K, used 50853K [0x1d260000, 0x21d4d000, 0x440e0000)
   the space 76724K,  66% used [0x1d260000, 0x20409648, 0x20409800, 0x21d4d000)
 compacting perm gen  total 38144K, used 38011K [0x440e0000, 0x46620000, 0x4a0e0000)
   the space 38144K,  99% used [0x440e0000, 0x465fed98, 0x465fee00, 0x46620000)
No shared spaces configured.
}
Event: 84.310 GC heap before
{Heap before GC invocations=156 (full 1):
 def new generation   total 23040K, used 21882K [0x102e0000, 0x11be0000, 0x1d260000)
  eden space 20480K, 100% used [0x102e0000, 0x116e0000, 0x116e0000)
  from space 2560K,  54% used [0x11960000, 0x11abe920, 0x11be0000)
  to   space 2560K,   0% used [0x116e0000, 0x116e0000, 0x11960000)
 tenured generation   total 76724K, used 50853K [0x1d260000, 0x21d4d000, 0x440e0000)
   the space 76724K,  66% used [0x1d260000, 0x20409648, 0x20409800, 0x21d4d000)
 compacting perm gen  total 38656K, used 38472K [0x440e0000, 0x466a0000, 0x4a0e0000)
   the space 38656K,  99% used [0x440e0000, 0x46672298, 0x46672400, 0x466a0000)
No shared spaces configured.
Event: 84.316 GC heap after
Heap after GC invocations=157 (full 1):
 def new generation   total 23040K, used 1936K [0x102e0000, 0x11be0000, 0x1d260000)
  eden space 20480K,   0% used [0x102e0000, 0x102e0000, 0x116e0000)
  from space 2560K,  75% used [0x116e0000, 0x118c4018, 0x11960000)
  to   space 2560K,   0% used [0x11960000, 0x11960000, 0x11be0000)
 tenured generation   total 76724K, used 50930K [0x1d260000, 0x21d4d000, 0x440e0000)
   the space 76724K,  66% used [0x1d260000, 0x2041c940, 0x2041ca00, 0x21d4d000)
 compacting perm gen  total 38656K, used 38472K [0x440e0000, 0x466a0000, 0x4a0e0000)
   the space 38656K,  99% used [0x440e0000, 0x46672298, 0x46672400, 0x466a0000)
No shared spaces configured.
}
Event: 84.518 GC heap before
{Heap before GC invocations=157 (full 1):
 def new generation   total 23040K, used 22416K [0x102e0000, 0x11be0000, 0x1d260000)
  eden space 20480K, 100% used [0x102e0000, 0x116e0000, 0x116e0000)
  from space 2560K,  75% used [0x116e0000, 0x118c4018, 0x11960000)
  to   space 2560K,   0% used [0x11960000, 0x11960000, 0x11be0000)
 tenured generation   total 76724K, used 50930K [0x1d260000, 0x21d4d000, 0x440e0000)
   the space 76724K,  66% used [0x1d260000, 0x2041c940, 0x2041ca00, 0x21d4d000)
 compacting perm gen  total 39424K, used 39388K [0x440e0000, 0x46760000, 0x4a0e0000)
   the space 39424K,  99% used [0x440e0000, 0x467573f8, 0x46757400, 0x46760000)
No shared spaces configured.
Event: 84.525 GC heap after
Heap after GC invocations=158 (full 1):
 def new generation   total 23040K, used 1443K [0x102e0000, 0x11be0000, 0x1d260000)
  eden space 20480K,   0% used [0x102e0000, 0x102e0000, 0x116e0000)
  from space 2560K,  56% used [0x11960000, 0x11ac8ea0, 0x11be0000)
  to   space 2560K,   0% used [0x116e0000, 0x116e0000, 0x11960000)
 tenured generation   total 76724K, used 52345K [0x1d260000, 0x21d4d000, 0x440e0000)
   the space 76724K,  68% used [0x1d260000, 0x2057e4d0, 0x2057e600, 0x21d4d000)
 compacting perm gen  total 39424K, used 39388K [0x440e0000, 0x46760000, 0x4a0e0000)
   the space 39424K,  99% used [0x440e0000, 0x467573f8, 0x46757400, 0x46760000)
No shared spaces configured.
}
Event: 84.588 GC heap before
{Heap before GC invocations=158 (full 1):
 def new generation   total 23040K, used 21923K [0x102e0000, 0x11be0000, 0x1d260000)
  eden space 20480K, 100% used [0x102e0000, 0x116e0000, 0x116e0000)
  from space 2560K,  56% used [0x11960000, 0x11ac8ea0, 0x11be0000)
  to   space 2560K,   0% used [0x116e0000, 0x116e0000, 0x11960000)
 tenured generation   total 76724K, used 52345K [0x1d260000, 0x21d4d000, 0x440e0000)
   the space 76724K,  68% used [0x1d260000, 0x2057e4d0, 0x2057e600, 0x21d4d000)
 compacting perm gen  total 39680K, used 39666K [0x440e0000, 0x467a0000, 0x4a0e0000)
   the space 39680K,  99% used [0x440e0000, 0x4679cb28, 0x4679cc00, 0x467a0000)
No shared spaces configured.
Event: 84.592 GC heap after
Heap after GC invocations=159 (full 1):
 def new generation   total 23040K, used 512K [0x102e0000, 0x11be0000, 0x1d260000)
  eden space 20480K,   0% used [0x102e0000, 0x102e0000, 0x116e0000)
  from space 2560K,  20% used [0x116e0000, 0x117600a0, 0x11960000)
  to   space 2560K,   0% used [0x11960000, 0x11960000, 0x11be0000)
 tenured generation   total 76724K, used 52904K [0x1d260000, 0x21d4d000, 0x440e0000)
   the space 76724K,  68% used [0x1d260000, 0x2060a258, 0x2060a400, 0x21d4d000)
 compacting perm gen  total 39680K, used 39666K [0x440e0000, 0x467a0000, 0x4a0e0000)
   the space 39680K,  99% used [0x440e0000, 0x4679cb28, 0x4679cc00, 0x467a0000)
No shared spaces configured.
}

